[    0.000000] Initializing cgroup subsys cpuset
[    0.000000] Initializing cgroup subsys cpu
[    0.000000] Initializing cgroup subsys cpuacct
[    0.000000] Linux version 4.4.0-96-generic (buildd@lgw01-10) (gcc version 5.4.0 20160609 (Ubuntu 5.4.0-6ubuntu1~16.04.4) ) #119-Ubuntu SMP Tue Sep 12 14:59:54 UTC 2017 (Ubuntu 4.4.0-96.119-generic 4.4.83)
[    0.000000] Command line: BOOT_IMAGE=/boot/vmlinuz-4.4.0-96-generic root=LABEL=cloudimg-rootfs ro console=tty1 console=ttyS0
[    0.000000] KERNEL supported cpus:
[    0.000000]   Intel GenuineIntel
[    0.000000]   AMD AuthenticAMD
[    0.000000]   Centaur CentaurHauls
[    0.000000] ------------[ cut here ]------------
[    0.000000] WARNING: CPU: 0 PID: 0 at /build/linux-z2ccW0/linux-4.4.0/arch/x86/kernel/fpu/xstate.c:517 fpu__init_system_xstate+0x38b/0x75a()
[    0.000000] XSAVE consistency problem, dumping leaves
[    0.000000] Modules linked in:
[    0.000000] CPU: 0 PID: 0 Comm: swapper Not tainted 4.4.0-96-generic #119-Ubuntu
[    0.000000]  0000000000000086 f70912e208106160 ffffffff81e03d80 ffffffff813fabd3
[    0.000000]  ffffffff81e03dc8 ffffffff81caa650 ffffffff81e03db8 ffffffff810812e2
[    0.000000]  ffffffff81e03e48 ffffffff81e03e4c 0000000000000008 0000000000000100
[    0.000000] Call Trace:
[    0.000000]  [<ffffffff813fabd3>] dump_stack+0x63/0x90
[    0.000000]  [<ffffffff810812e2>] warn_slowpath_common+0x82/0xc0
[    0.000000]  [<ffffffff8108137c>] warn_slowpath_fmt+0x5c/0x80
[    0.000000]  [<ffffffff8107cff0>] ? xfeature_size+0x59/0x77
[    0.000000]  [<ffffffff81f6e20b>] fpu__init_system_xstate+0x38b/0x75a
[    0.000000]  [<ffffffff81f5e120>] ? early_idt_handler_array+0x120/0x120
[    0.000000]  [<ffffffff81f6db76>] fpu__init_system+0x10d/0x245
[    0.000000]  [<ffffffff81f6ec7f>] early_cpu_init+0x139/0x13e
[    0.000000]  [<ffffffff81f6ec7f>] ? early_cpu_init+0x139/0x13e
[    0.000000]  [<ffffffff81f6a181>] setup_arch+0xb4/0xcf6
[    0.000000]  [<ffffffff81f5e120>] ? early_idt_handler_array+0x120/0x120
[    0.000000]  [<ffffffff81f5ec74>] start_kernel+0xe4/0x4a2
[    0.000000]  [<ffffffff81f5e120>] ? early_idt_handler_array+0x120/0x120
[    0.000000]  [<ffffffff81f5e339>] x86_64_start_reservations+0x2a/0x2c
[    0.000000]  [<ffffffff81f5e485>] x86_64_start_kernel+0x14a/0x16d
[    0.000000] ---[ end trace 4d5ff9f2f68c4233 ]---
[    0.000000] CPUID[0d, 00]: eax=00000007 ebx=00000440 ecx=00000440 edx=00000000
[    0.000000] CPUID[0d, 01]: eax=00000000 ebx=00000440 ecx=00000000 edx=00000000
[    0.000000] CPUID[0d, 02]: eax=00000100 ebx=00000240 ecx=00000000 edx=00000000
[    0.000000] CPUID[0d, 03]: eax=00000000 ebx=00000000 ecx=00000000 edx=00000000
[    0.000000] CPUID[0d, 04]: eax=00000000 ebx=00000000 ecx=00000000 edx=00000000
[    0.000000] CPUID[0d, 05]: eax=00000000 ebx=00000000 ecx=00000000 edx=00000000
[    0.000000] CPUID[0d, 06]: eax=00000000 ebx=00000000 ecx=00000000 edx=00000000
[    0.000000] CPUID[0d, 07]: eax=00000000 ebx=00000000 ecx=00000000 edx=00000000
[    0.000000] CPUID[0d, 08]: eax=00000000 ebx=00000000 ecx=00000000 edx=00000000
[    0.000000] CPUID[0d, 09]: eax=00000000 ebx=00000000 ecx=00000000 edx=00000000
[    0.000000] CPUID[0d, 0a]: eax=00000000 ebx=00000000 ecx=00000000 edx=00000000
[    0.000000] CPUID[0d, 0b]: eax=00000000 ebx=00000000 ecx=00000000 edx=00000000
[    0.000000] CPUID[0d, 0c]: eax=00000000 ebx=00000000 ecx=00000000 edx=00000000
[    0.000000] CPUID[0d, 0d]: eax=00000000 ebx=00000000 ecx=00000000 edx=00000000
[    0.000000] CPUID[0d, 0e]: eax=00000000 ebx=00000000 ecx=00000000 edx=00000000
[    0.000000] CPUID[0d, 0f]: eax=00000000 ebx=00000000 ecx=00000000 edx=00000000
[    0.000000] CPUID[0d, 10]: eax=00000000 ebx=00000000 ecx=00000000 edx=00000000
[    0.000000] CPUID[0d, 11]: eax=00000000 ebx=00000000 ecx=00000000 edx=00000000
[    0.000000] x86/fpu: xstate_offset[2]:  576, xstate_sizes[2]:  256
[    0.000000] x86/fpu: Supporting XSAVE feature 0x01: 'x87 floating point registers'
[    0.000000] x86/fpu: Supporting XSAVE feature 0x02: 'SSE registers'
[    0.000000] x86/fpu: Supporting XSAVE feature 0x04: 'AVX registers'
[    0.000000] x86/fpu: Enabled xstate features 0x7, context size is 1088 bytes, using 'standard' format.
[    0.000000] x86/fpu: Using 'lazy' FPU context switches.
[    0.000000] e820: BIOS-provided physical RAM map:
[    0.000000] BIOS-e820: [mem 0x0000000000000000-0x000000000009fbff] usable
[    0.000000] BIOS-e820: [mem 0x000000000009fc00-0x000000000009ffff] reserved
[    0.000000] BIOS-e820: [mem 0x00000000000f0000-0x00000000000fffff] reserved
[    0.000000] BIOS-e820: [mem 0x0000000000100000-0x00000000dffeffff] usable
[    0.000000] BIOS-e820: [mem 0x00000000dfff0000-0x00000000dfffffff] ACPI data
[    0.000000] BIOS-e820: [mem 0x00000000fec00000-0x00000000fec00fff] reserved
[    0.000000] BIOS-e820: [mem 0x00000000fee00000-0x00000000fee00fff] reserved
[    0.000000] BIOS-e820: [mem 0x00000000fffc0000-0x00000000ffffffff] reserved
[    0.000000] BIOS-e820: [mem 0x0000000100000000-0x000000015fffffff] usable
[    0.000000] NX (Execute Disable) protection: active
[    0.000000] SMBIOS 2.5 present.
[    0.000000] Hypervisor detected: KVM
[    0.000000] e820: last_pfn = 0x160000 max_arch_pfn = 0x400000000
[    0.000000] MTRR: Disabled
[    0.000000] x86/PAT: MTRRs disabled, skipping PAT initialization too.
[    0.000000] CPU MTRRs all blank - virtualized system.
[    0.000000] x86/PAT: Configuration [0-7]: WB  WT  UC- UC  WB  WT  UC- UC  
[    0.000000] e820: last_pfn = 0xdfff0 max_arch_pfn = 0x400000000
[    0.000000] found SMP MP-table at [mem 0x0009fff0-0x0009ffff] mapped at [ffff88000009fff0]
[    0.000000] Scanning 1 areas for low memory corruption
[    0.000000] RAMDISK: [mem 0x36adc000-0x37565fff]
[    0.000000] ACPI: Early table checksum verification disabled
[    0.000000] ACPI: RSDP 0x00000000000E0000 000024 (v02 VBOX  )
[    0.000000] ACPI: XSDT 0x00000000DFFF0030 00003C (v01 VBOX   VBOXXSDT 00000001 ASL  00000061)
[    0.000000] ACPI: FACP 0x00000000DFFF00F0 0000F4 (v04 VBOX   VBOXFACP 00000001 ASL  00000061)
[    0.000000] ACPI: DSDT 0x00000000DFFF0470 0021FF (v02 VBOX   VBOXBIOS 00000002 INTL 20100528)
[    0.000000] ACPI: FACS 0x00000000DFFF0200 000040
[    0.000000] ACPI: FACS 0x00000000DFFF0200 000040
[    0.000000] ACPI: APIC 0x00000000DFFF0240 00005C (v02 VBOX   VBOXAPIC 00000001 ASL  00000061)
[    0.000000] ACPI: SSDT 0x00000000DFFF02A0 0001CC (v01 VBOX   VBOXCPUT 00000002 INTL 20100528)
[    0.000000] No NUMA configuration found
[    0.000000] Faking a node at [mem 0x0000000000000000-0x000000015fffffff]
[    0.000000] NODE_DATA(0) allocated [mem 0x15fff7000-0x15fffbfff]
[    0.000000] kvm-clock: Using msrs 4b564d01 and 4b564d00
[    0.000000] kvm-clock: cpu 0, msr 1:5ffef001, primary cpu clock
[    0.000000] kvm-clock: using sched offset of 3213854221 cycles
[    0.000000] clocksource: kvm-clock: mask: 0xffffffffffffffff max_cycles: 0x1cd42e4dffb, max_idle_ns: 881590591483 ns
[    0.000000] Zone ranges:
[    0.000000]   DMA      [mem 0x0000000000001000-0x0000000000ffffff]
[    0.000000]   DMA32    [mem 0x0000000001000000-0x00000000ffffffff]
[    0.000000]   Normal   [mem 0x0000000100000000-0x000000015fffffff]
[    0.000000]   Device   empty
[    0.000000] Movable zone start for each node
[    0.000000] Early memory node ranges
[    0.000000]   node   0: [mem 0x0000000000001000-0x000000000009efff]
[    0.000000]   node   0: [mem 0x0000000000100000-0x00000000dffeffff]
[    0.000000]   node   0: [mem 0x0000000100000000-0x000000015fffffff]
[    0.000000] Initmem setup node 0 [mem 0x0000000000001000-0x000000015fffffff]
[    0.000000] ACPI: PM-Timer IO Port: 0x4008
[    0.000000] IOAPIC[0]: apic_id 2, version 32, address 0xfec00000, GSI 0-23
[    0.000000] ACPI: INT_SRC_OVR (bus 0 bus_irq 0 global_irq 2 dfl dfl)
[    0.000000] ACPI: INT_SRC_OVR (bus 0 bus_irq 9 global_irq 9 high level)
[    0.000000] Using ACPI (MADT) for SMP configuration information
[    0.000000] smpboot: Allowing 2 CPUs, 0 hotplug CPUs
[    0.000000] PM: Registered nosave memory: [mem 0x00000000-0x00000fff]
[    0.000000] PM: Registered nosave memory: [mem 0x0009f000-0x0009ffff]
[    0.000000] PM: Registered nosave memory: [mem 0x000a0000-0x000effff]
[    0.000000] PM: Registered nosave memory: [mem 0x000f0000-0x000fffff]
[    0.000000] PM: Registered nosave memory: [mem 0xdfff0000-0xdfffffff]
[    0.000000] PM: Registered nosave memory: [mem 0xe0000000-0xfebfffff]
[    0.000000] PM: Registered nosave memory: [mem 0xfec00000-0xfec00fff]
[    0.000000] PM: Registered nosave memory: [mem 0xfec01000-0xfedfffff]
[    0.000000] PM: Registered nosave memory: [mem 0xfee00000-0xfee00fff]
[    0.000000] PM: Registered nosave memory: [mem 0xfee01000-0xfffbffff]
[    0.000000] PM: Registered nosave memory: [mem 0xfffc0000-0xffffffff]
[    0.000000] e820: [mem 0xe0000000-0xfebfffff] available for PCI devices
[    0.000000] Booting paravirtualized kernel on KVM
[    0.000000] clocksource: refined-jiffies: mask: 0xffffffff max_cycles: 0xffffffff, max_idle_ns: 7645519600211568 ns
[    0.000000] setup_percpu: NR_CPUS:512 nr_cpumask_bits:512 nr_cpu_ids:2 nr_node_ids:1
[    0.000000] PERCPU: Embedded 34 pages/cpu @ffff88015fc00000 s98328 r8192 d32744 u1048576
[    0.000000] PV qspinlock hash table entries: 256 (order: 0, 4096 bytes)
[    0.000000] Built 1 zonelists in Node order, mobility grouping on.  Total pages: 1290105
[    0.000000] Policy zone: Normal
[    0.000000] Kernel command line: BOOT_IMAGE=/boot/vmlinuz-4.4.0-96-generic root=LABEL=cloudimg-rootfs ro console=tty1 console=ttyS0
[    0.000000] PID hash table entries: 4096 (order: 3, 32768 bytes)
[    0.000000] Memory: 5064476K/5242424K available (8479K kernel code, 1294K rwdata, 3984K rodata, 1492K init, 1316K bss, 177948K reserved, 0K cma-reserved)
[    0.000000] SLUB: HWalign=64, Order=0-3, MinObjects=0, CPUs=2, Nodes=1
[    0.000000] Hierarchical RCU implementation.
[    0.000000] 	Build-time adjustment of leaf fanout to 64.
[    0.000000] 	RCU restricting CPUs from NR_CPUS=512 to nr_cpu_ids=2.
[    0.000000] RCU: Adjusting geometry for rcu_fanout_leaf=64, nr_cpu_ids=2
[    0.000000] NR_IRQS:33024 nr_irqs:440 16
[    0.000000] Console: colour VGA+ 80x25
[    0.000000] console [tty1] enabled
[    0.000000] console [ttyS0] enabled
[    0.000000] tsc: Detected 2904.002 MHz processor
[   10.593347] Calibrating delay loop (skipped) preset value.. 5808.00 BogoMIPS (lpj=11616008)
[   10.723296] pid_max: default: 32768 minimum: 301
[   10.776026] ACPI: Core revision 20150930
[   10.810502] ACPI: 2 ACPI AML tables successfully acquired and loaded
[   10.896963] Security Framework initialized
[   10.971255] Yama: becoming mindful.
[   11.025810] AppArmor: AppArmor initialized
[   11.106699] Dentry cache hash table entries: 1048576 (order: 11, 8388608 bytes)
[   11.221770] Inode-cache hash table entries: 524288 (order: 10, 4194304 bytes)
[   11.273272] Mount-cache hash table entries: 16384 (order: 5, 131072 bytes)
[   11.315674] Mountpoint-cache hash table entries: 16384 (order: 5, 131072 bytes)
[   11.391518] Initializing cgroup subsys io
[   11.456120] Initializing cgroup subsys memory
[   11.496549] Initializing cgroup subsys devices
[   11.521269] Initializing cgroup subsys freezer
[   11.599405] Initializing cgroup subsys net_cls
[   11.662047] Initializing cgroup subsys perf_event
[   11.740577] Initializing cgroup subsys net_prio
[   11.804915] Initializing cgroup subsys hugetlb
[   11.827400] Initializing cgroup subsys pids
[   11.829158] CPU: Physical Processor ID: 0
[   11.830762] CPU: Processor Core ID: 0
[   11.887141] mce: CPU supports 0 MCE banks
[   11.935341] Last level iTLB entries: 4KB 64, 2MB 8, 4MB 8
[   12.011490] Last level dTLB entries: 4KB 64, 2MB 0, 4MB 0, 1GB 4
[   12.061464] Freeing SMP alternatives memory: 32K
[   12.128011] ftrace: allocating 32146 entries in 126 pages
[   12.273016] smpboot: APIC(0) Converting physical 0 to logical package 0
[   12.324222] smpboot: Max logical packages: 1
[   12.339657] x2apic enabled
[   12.343311] Switched APIC routing to physical x2apic.
[   12.348207] ..TIMER: vector=0x30 apic1=0 pin1=2 apic2=-1 pin2=-1
[   12.466792] smpboot: CPU0: Intel(R) Core(TM) i7-7500U CPU @ 2.70GHz (family: 0x6, model: 0x8e, stepping: 0x9)
[   12.575488] Performance Events: unsupported p6 CPU model 142 no PMU driver, software events only.
[   12.602170] KVM setup paravirtual spinlock
[   12.636840] x86: Booting SMP configuration:
[   12.680089] .... node  #0, CPUs:      #1
[   12.681358] kvm-clock: cpu 1, msr 1:5ffef041, secondary cpu clock
[   12.701754] mce: CPU supports 0 MCE banks
[   12.704616] x86: Booted up 1 node, 2 CPUs
[   12.707663] smpboot: Total of 2 processors activated (11616.00 BogoMIPS)
[   12.712068] devtmpfs: initialized
[   12.722186] evm: security.selinux
[   12.734600] evm: security.SMACK64
[   12.744756] evm: security.SMACK64EXEC
[   12.762704] evm: security.SMACK64TRANSMUTE
[   12.764930] evm: security.SMACK64MMAP
[   12.785367] evm: security.ima
[   12.810802] evm: security.capability
[   12.836591] clocksource: jiffies: mask: 0xffffffff max_cycles: 0xffffffff, max_idle_ns: 7645041785100000 ns
[   12.898125] futex hash table entries: 512 (order: 3, 32768 bytes)
[   12.928082] pinctrl core: initialized pinctrl subsystem
[   12.985709] RTC time:  8:34:04, date: 07/17/19
[   13.037912] NET: Registered protocol family 16
[   13.087570] cpuidle: using governor ladder
[   13.168000] cpuidle: using governor menu
[   13.201908] PCCT header not found.
[   13.235908] ACPI: bus type PCI registered
[   13.268010] acpiphp: ACPI Hot Plug PCI Controller Driver version: 0.5
[   13.270967] PCI: Using configuration type 1 for base access
[   13.336537] ACPI: Added _OSI(Module Device)
[   13.393395] ACPI: Added _OSI(Processor Device)
[   13.416779] ACPI: Added _OSI(3.0 _SCP Extensions)
[   13.426161] ACPI: Added _OSI(Processor Aggregator Device)
[   13.428740] ACPI: Executed 1 blocks of module-level executable AML code
[   13.459568] ACPI: Interpreter enabled
[   13.476327] ACPI: (supports S0 S5)
[   13.511362] ACPI: Using IOAPIC for interrupt routing
[   13.557532] PCI: Using host bridge windows from ACPI; if necessary, use "pci=nocrs" and report a bug
[   13.640584] ACPI: PCI Root Bridge [PCI0] (domain 0000 [bus 00-ff])
[   13.718355] acpi PNP0A03:00: _OSC: OS supports [ASPM ClockPM Segments MSI]
[   13.800990] acpi PNP0A03:00: _OSC: not requesting OS control; OS requires [ExtendedConfig ASPM ClockPM MSI]
[   13.916377] acpi PNP0A03:00: fail to add MMCONFIG information, can't access extended PCI configuration space under this bridge.
[   13.941933] PCI host bridge to bus 0000:00
[   13.951713] pci_bus 0000:00: root bus resource [io  0x0000-0x0cf7 window]
[   13.966278] pci_bus 0000:00: root bus resource [io  0x0d00-0xffff window]
[   14.007520] pci_bus 0000:00: root bus resource [mem 0x000a0000-0x000bffff window]
[   14.031001] pci_bus 0000:00: root bus resource [mem 0xe0000000-0xffdfffff window]
[   14.044890] pci_bus 0000:00: root bus resource [bus 00-ff]
[   14.083507] pci 0000:00:01.1: legacy IDE quirk: reg 0x10: [io  0x01f0-0x01f7]
[   14.107486] pci 0000:00:01.1: legacy IDE quirk: reg 0x14: [io  0x03f6]
[   14.178562] pci 0000:00:01.1: legacy IDE quirk: reg 0x18: [io  0x0170-0x0177]
[   14.204716] pci 0000:00:01.1: legacy IDE quirk: reg 0x1c: [io  0x0376]
[   14.308906] pci 0000:00:07.0: quirk: [io  0x4000-0x403f] claimed by PIIX4 ACPI
[   14.324930] pci 0000:00:07.0: quirk: [io  0x4100-0x410f] claimed by PIIX4 SMB
[   14.400753] ACPI: PCI Interrupt Link [LNKA] (IRQs 5 9 10 *11)
[   14.456930] ACPI: PCI Interrupt Link [LNKB] (IRQs 5 9 10 *11)
[   14.488734] ACPI: PCI Interrupt Link [LNKC] (IRQs 5 9 *10 11)
[   14.508390] ACPI: PCI Interrupt Link [LNKD] (IRQs 5 *9 10 11)
[   14.526128] ACPI: Enabled 2 GPEs in block 00 to 07
[   14.556806] vgaarb: setting as boot device: PCI:0000:00:02.0
[   14.607868] vgaarb: device added: PCI:0000:00:02.0,decodes=io+mem,owns=io+mem,locks=none
[   14.631722] vgaarb: loaded
[   14.642622] vgaarb: bridge control possible 0000:00:02.0
[   14.657909] SCSI subsystem initialized
[   14.667751] ACPI: bus type USB registered
[   14.687561] usbcore: registered new interface driver usbfs
[   14.699706] usbcore: registered new interface driver hub
[   14.707680] usbcore: registered new device driver usb
[   14.736162] PCI: Using ACPI for IRQ routing
[   14.741678] NetLabel: Initializing
[   14.744551] NetLabel:  domain hash size = 128
[   14.753676] NetLabel:  protocols = UNLABELED CIPSOv4
[   14.762233] NetLabel:  unlabeled traffic allowed by default
[   14.776684] amd_nb: Cannot enumerate AMD northbridges
[   14.800322] clocksource: Switched to clocksource kvm-clock
[   14.839372] AppArmor: AppArmor Filesystem Enabled
[   14.871439] pnp: PnP ACPI init
[   14.873614] pnp: PnP ACPI: found 3 devices
[   14.885099] clocksource: acpi_pm: mask: 0xffffff max_cycles: 0xffffff, max_idle_ns: 2085701024 ns
[   14.895934] NET: Registered protocol family 2
[   14.897503] TCP established hash table entries: 65536 (order: 7, 524288 bytes)
[   14.905539] TCP bind hash table entries: 65536 (order: 8, 1048576 bytes)
[   14.907415] TCP: Hash tables configured (established 65536 bind 65536)
[   14.920783] UDP hash table entries: 4096 (order: 5, 131072 bytes)
[   14.998068] UDP-Lite hash table entries: 4096 (order: 5, 131072 bytes)
[   15.068003] NET: Registered protocol family 1
[   15.087145] pci 0000:00:00.0: Limiting direct PCI/PCI transfers
[   15.139908] pci 0000:00:01.0: Activating ISA DMA hang workarounds
[   15.210714] Unpacking initramfs...
[   17.731528] Freeing initrd memory: 10792K
[   17.800476] PCI-DMA: Using software bounce buffering for IO (SWIOTLB)
[   17.868051] software IO TLB [mem 0xdbff0000-0xdfff0000] (64MB) mapped at [ffff8800dbff0000-ffff8800dffeffff]
[   17.997315] platform rtc_cmos: registered platform RTC device (no PNP device found)
[   18.114076] Scanning for low memory corruption every 60 seconds
[   18.181082] audit: initializing netlink subsys (disabled)
[   18.224543] audit: type=2000 audit(1563352440.189:1): initialized
[   18.262157] Initialise system trusted keyring
[   18.279571] HugeTLB registered 2 MB page size, pre-allocated 0 pages
[   18.363077] zbud: loaded
[   18.378448] VFS: Disk quotas dquot_6.6.0
[   18.456835] VFS: Dquot-cache hash table entries: 512 (order 0, 4096 bytes)
[   18.541363] squashfs: version 4.0 (2009/01/31) Phillip Lougher
[   18.632302] fuse init (API version 7.23)
[   18.655500] Key type big_key registered
[   18.690247] Allocating IMA MOK and blacklist keyrings.
[   18.728990] Key type asymmetric registered
[   18.750989] Asymmetric key parser 'x509' registered
[   18.778986] Block layer SCSI generic (bsg) driver version 0.4 loaded (major 249)
[   18.796728] io scheduler noop registered
[   18.825711] io scheduler deadline registered (default)
[   18.832211] io scheduler cfq registered
[   18.841476] pci_hotplug: PCI Hot Plug PCI Core version: 0.5
[   18.849490] pciehp: PCI Express Hot Plug Controller Driver version: 0.4
[   18.855501] ACPI: AC Adapter [AC] (on-line)
[   18.864539] input: Power Button as /devices/LNXSYSTM:00/LNXPWRBN:00/input/input0
[   18.866535] ACPI: Power Button [PWRF]
[   18.877741] input: Sleep Button as /devices/LNXSYSTM:00/LNXSLPBN:00/input/input1
[   18.904556] ACPI: Sleep Button [SLPF]
[   18.914824] ACPI: Battery Slot [BAT0] (battery present)
[   18.930373] GHES: HEST is not enabled!
[   18.934876] Serial: 8250/16550 driver, 32 ports, IRQ sharing enabled
[   18.966813] 00:02: ttyS0 at I/O 0x3f8 (irq = 4, base_baud = 115200) is a 16550A
[   18.981063] Linux agpgart interface v0.103
[   18.989240] loop: module loaded
[   18.997256] scsi host0: ata_piix
[   19.000409] tsc: Refined TSC clocksource calibration: 2904.027 MHz
[   19.000412] clocksource: tsc: mask: 0xffffffffffffffff max_cycles: 0x29dc1f22a9c, max_idle_ns: 440795317976 ns
[   19.049539] scsi host1: ata_piix
[   19.056680] ata1: PATA max UDMA/33 cmd 0x1f0 ctl 0x3f6 bmdma 0xd000 irq 14
[   19.079568] ata2: PATA max UDMA/33 cmd 0x170 ctl 0x376 bmdma 0xd008 irq 15
[   19.093529] libphy: Fixed MDIO Bus: probed
[   19.099344] tun: Universal TUN/TAP device driver, 1.6
[   19.104682] tun: (C) 1999-2004 Max Krasnyansky <maxk@qualcomm.com>
[   19.111888] PPP generic driver version 2.4.2
[   19.115696] ehci_hcd: USB 2.0 'Enhanced' Host Controller (EHCI) Driver
[   19.136704] ehci-pci: EHCI PCI platform driver
[   19.154592] ehci-platform: EHCI generic platform driver
[   19.157567] ohci_hcd: USB 1.1 'Open' Host Controller (OHCI) Driver
[   19.166674] ohci-pci: OHCI PCI platform driver
[   19.195125] ohci-platform: OHCI generic platform driver
[   19.210966] uhci_hcd: USB Universal Host Controller Interface driver
[   19.216095] i8042: PNP: PS/2 Controller [PNP0303:PS2K,PNP0f03:PS2M] at 0x60,0x64 irq 1,12
[   19.228685] serio: i8042 KBD port at 0x60,0x64 irq 1
[   19.233632] serio: i8042 AUX port at 0x60,0x64 irq 12
[   19.243516] mousedev: PS/2 mouse device common for all mice
[   19.253267] rtc_cmos rtc_cmos: rtc core: registered rtc_cmos as rtc0
[   19.321116] input: AT Translated Set 2 keyboard as /devices/platform/i8042/serio0/input/input2
[   19.380449] rtc_cmos rtc_cmos: alarms up to one day, 114 bytes nvram
[   19.456919] i2c /dev entries driver
[   19.472278] device-mapper: uevent: version 1.0.3
[   19.561248] device-mapper: ioctl: 4.34.0-ioctl (2015-10-28) initialised: dm-devel@redhat.com
[   19.686581] ledtrig-cpu: registered to indicate activity on CPUs
[   19.797320] NET: Registered protocol family 10
[   19.859536] NET: Registered protocol family 17
[   19.889389] Key type dns_resolver registered
[   19.981060] microcode: CPU0 sig=0x806e9, pf=0x8, revision=0x0
[   20.014254] microcode: CPU1 sig=0x806e9, pf=0x8, revision=0x0
[   20.027876] microcode: Microcode Update Driver: v2.01 <tigran@aivazian.fsnet.co.uk>, Peter Oruba
[   20.086965] registered taskstats version 1
[   20.111779] Loading compiled-in X.509 certificates
[   20.121073] Loaded X.509 cert 'Build time autogenerated kernel key: b1a6ea8776bed2812c00d8a799f968274ef48628'
[   20.130792] zswap: loaded using pool lzo/zbud
[   20.135240] Key type trusted registered
[   20.149711] Key type encrypted registered
[   20.153025] AppArmor: AppArmor sha1 policy hashing enabled
[   20.162199] ima: No TPM chip found, activating TPM-bypass!
[   20.180980] evm: HMAC attrs: 0x1
[   20.232870]   Magic number: 11:160:574
[   20.249248] rtc_cmos rtc_cmos: setting system clock to 2019-07-17 08:34:11 UTC (1563352451)
[   20.282326] BIOS EDD facility v0.16 2004-Jun-25, 0 devices found
[   20.321243] EDD information not available.
[   20.328297] Freeing unused kernel memory: 1492K
[   20.368186] Write protecting the kernel read-only data: 14336k
[   20.412945] Freeing unused kernel memory: 1748K
[   20.449350] Freeing unused kernel memory: 112K
Loading, please wait...
starting version[   20.499421] random: systemd-udevd: uninitialized urandom read (16 bytes read, 7 bits of entropy available)
 229
[   20.499967] random: udevadm: uninitialized urandom read (16 bytes read, 7 bits of entropy available)
[   20.499999] random: udevadm: uninitialized urandom read (16 bytes read, 7 bits of entropy available)
[   20.500111] random: udevadm: uninitialized urandom read (16 bytes read, 7 bits of entropy available)
[   20.500153] random: udevadm: uninitialized urandom read (16 bytes read, 7 bits of entropy available)
[   20.500225] random: udevadm: uninitialized urandom read (16 bytes read, 7 bits of entropy available)
[   20.500271] random: udevadm: uninitialized urandom read (16 bytes read, 7 bits of entropy available)
[   20.500311] random: udevadm: uninitialized urandom read (16 bytes read, 7 bits of entropy available)
[   20.500350] random: udevadm: uninitialized urandom read (16 bytes read, 7 bits of entropy available)
[   20.500386] random: udevadm: uninitialized urandom read (16 bytes read, 7 bits of entropy available)
[   20.981508] e1000: Intel(R) PRO/1000 Network Driver - version 7.3.21-k8-NAPI
[   21.009307] e1000: Copyright (c) 1999-2006 Intel Corporation.
[   21.033565] Fusion MPT base driver 3.04.20
[   21.159108] Copyright (c) 1999-2008 LSI Corporation
[   21.187846] AVX version of gcm_enc/dec engaged.
[   21.195938] AES CTR mode by8 optimization enabled
[   21.217279] Fusion MPT SPI Host driver 3.04.20
[   21.241691] input: ImExPS/2 Generic Explorer Mouse as /devices/platform/i8042/serio1/input/input4
[   21.557651] e1000 0000:00:03.0 eth0: (PCI:33MHz:32-bit) 02:20:af:b1:c6:17
[   21.620738] e1000 0000:00:03.0 eth0: Intel(R) PRO/1000 Network Connection
[   22.054377] e1000 0000:00:08.0 eth1: (PCI:33MHz:32-bit) 08:00:27:a4:5a:ac
[   22.111805] e1000 0000:00:08.0 eth1: Intel(R) PRO/1000 Network Connection
[   22.127783] mptbase: ioc0: Initiating bringup
[   22.177618] e1000 0000:00:03.0 enp0s3: renamed from eth0
[   22.273279] e1000 0000:00:08.0 enp0s8: renamed from eth1
[   22.313289] ioc0: LSI53C1030 A0: Capabilities={Initiator}
[   22.527217] scsi host2: ioc0: LSI53C1030 A0, FwRev=00000000h, Ports=1, MaxQ=256, IRQ=20
[   22.824631] scsi 2:0:0:0: Direct-Access     VBOX     HARDDISK         1.0  PQ: 0 ANSI: 5
[   23.000595] scsi target2:0:0: Beginning Domain Validation
[   23.076414] scsi target2:0:0: Domain Validation skipping write tests
[   23.156421] scsi target2:0:0: Ending Domain Validation
[   23.238436] scsi target2:0:0: asynchronous
[   23.277331] scsi 2:0:1:0: Direct-Access     VBOX     HARDDISK         1.0  PQ: 0 ANSI: 5
[   23.354573] scsi target2:0:1: Beginning Domain Validation
[   23.367310] scsi target2:0:1: Domain Validation skipping write tests
[   23.450095] scsi target2:0:1: Ending Domain Validation
[   23.569766] scsi target2:0:1: asynchronous
[   23.695354] sd 2:0:0:0: [sda] 20971520 512-byte logical blocks: (10.7 GB/10.0 GiB)
[   23.695498] sd 2:0:0:0: Attached scsi generic sg0 type 0
[   23.814264] sd 2:0:1:0: Attached scsi generic sg1 type 0
[   23.814548] sd 2:0:1:0: [sdb] 20480 512-byte logical blocks: (10.5 MB/10.0 MiB)
[   23.814807] sd 2:0:1:0: [sdb] Write Protect is off
[   23.814987] sd 2:0:1:0: [sdb] Incomplete mode parameter data
[   23.814989] sd 2:0:1:0: [sdb] Assuming drive cache: write through
[   23.817548] sd 2:0:1:0: [sdb] Attached SCSI disk
[   24.185062] floppy0: no floppy controllers found
[   24.185108] work still pending
[   24.430004] sd 2:0:0:0: [sda] Write Protect is off
[   24.431825] sd 2:0:0:0: [sda] Incomplete mode parameter data
[   24.433912] sd 2:0:0:0: [sda] Assuming drive cache: write through
[   24.446815]  sda: sda1
[   24.452592] sd 2:0:0:0: [sda] Attached SCSI disk
Begin: Loading e[   25.932861] md: linear personality registered for level -1
ssential drivers ... [   25.962290] md: multipath personality registered for level -4
[   26.009744] md: raid0 personality registered for level 0
[   26.063358] md: raid1 personality registered for level 1
[   26.208666] raid6: sse2x1   gen()  9155 MB/s
[   26.356693] raid6: sse2x1   xor()  6202 MB/s
[   26.505039] raid6: sse2x2   gen() 11914 MB/s
[   26.656839] raid6: sse2x2   xor()  6625 MB/s
[   26.788566] raid6: sse2x4   gen() 13110 MB/s
[   26.936405] raid6: sse2x4   xor()  8691 MB/s
[   26.984805] raid6: using algorithm sse2x4 gen() 13110 MB/s
[   27.045910] raid6: .... xor() 8691 MB/s, rmw enabled
[   27.067898] raid6: using ssse3x2 recovery algorithm
[   27.117702] xor: automatically using best checksumming function:
[   27.204417]    avx       : 22272.000 MB/sec
[   27.298075] async_tx: api initialized (async)
[   27.368167] md: raid6 personality registered for level 6
[   27.449880] md: raid5 personality registered for level 5
[   27.513346] md: raid4 personality registered for level 4
[   27.578153] md: raid10 personality registered for level 10
done.
Begin: Running /scripts/init-p[   27.648909] Btrfs loaded
remount ... done.
Begin: Mounting root file system ... Begin: Running /scripts/[   27.704943] EXT4-fs (sda1): INFO: recovery required on readonly filesystem
local-top ... do[   27.731836] EXT4-fs (sda1): write access will be enabled during recovery
ne.
Begin: Running /scripts/local-premount ... Scanning for Btrfs filesystems
done.
Warning: fsck not present, so skipping root file system
[   27.979698] EXT4-fs (sda1): orphan cleanup on readonly fs
[   28.074215] EXT4-fs (sda1): 1 orphan inode deleted
[   28.197638] EXT4-fs (sda1): recovery complete
[   28.277630] EXT4-fs (sda1): mounted filesystem with ordered data mode. Opts: (null)
done.
Begin: Running /scripts/local-bottom ... done.
Begin: Running /scripts/init-bottom ... done.
[   28.523072] random: nonblocking pool is initialized
[   28.687483] systemd[1]: systemd 229 running in system mode. (+PAM +AUDIT +SELINUX +IMA +APPARMOR +SMACK +SYSVINIT +UTMP +LIBCRYPTSETUP +GCRYPT +GNUTLS +ACL +XZ -LZ4 +SECCOMP +BLKID +ELFUTILS +KMOD -IDN)
[   28.960343] systemd[1]: Detected virtualization oracle.
[   29.097903] systemd[1]: Detected architecture x86-64.

Welcome to [1mUbuntu 16.04.3 LTS[0m!

[   29.273540] systemd[1]: Set hostname to <ubuntu-xenial>.
[   29.526788] systemd[1]: Listening on udev Control Socket.
[[0;32m  OK  [0m] Listening on udev Control Socket.
[   29.717473] systemd[1]: Started Forward Password Requests to Wall Directory Watch.
[[0;32m  OK  [0m] Started Forward Password Requests to Wall Directory Watch.
[   29.885177] systemd[1]: Listening on /dev/initctl Compatibility Named Pipe.
[[0;32m  OK  [0m] Listening on /dev/initctl Compatibility Named Pipe.
[   30.153165] systemd[1]: Reached target Swap.
[[0;32m  OK  [0m] Reached target Swap.
[   30.297348] systemd[1]: Listening on Device-mapper event daemon FIFOs.
[[0;32m  OK  [0m] Listening on Device-mapper event daemon FIFOs.
[   30.507059] systemd[1]: Reached target Encrypted Volumes.
[[0;32m  OK  [0m] Reached target Encrypted Volumes.
[   30.709458] systemd[1]: Set up automount Arbitrary Executable File Formats File System Automount Point.
[[0;32m  OK  [0m] Set up automount Arbitrary Executab...ats File System Automount Point.
[   30.925111] systemd[1]: Created slice User and Session Slice.
[[0;32m  OK  [0m] Created slice User and Session Slice.
[   30.968801] systemd[1]: Listening on LVM2 metadata daemon socket.
[[0;32m  OK  [0m] Listening on LVM2 metadata daemon socket.
[   31.197568] systemd[1]: Listening on Journal Audit Socket.
[[0;32m  OK  [0m] Listening on Journal Audit Socket.
[   31.356623] systemd[1]: Listening on Journal Socket.
[[0;32m  OK  [0m] Listening on Journal Socket.
[   31.539633] systemd[1]: Listening on Journal Socket (/dev/log).
[[0;32m  OK  [0m] Listening on Journal Socket (/dev/log).
[   31.729435] systemd[1]: Listening on udev Kernel Socket.
[[0;32m  OK  [0m] Listening on udev Kernel Socket.
[   31.897188] systemd[1]: Listening on LVM2 poll daemon socket.
[[0;32m  OK  [0m] Listening on LVM2 poll daemon socket.
[   32.032131] systemd[1]: Listening on Syslog Socket.
[[0;32m  OK  [0m] Listening on Syslog Socket.
[   32.036045] systemd[1]: Started Trigger resolvconf update for networkd DNS.
[[0;32m  OK  [0m] Started Trigger resolvconf update for networkd DNS.
[   32.186125] systemd[1]: Reached target User and Group Name Lookups.
[[0;32m  OK  [0m] Reached target User and Group Name Lookups.
[   32.406638] systemd[1]: Created slice System Slice.
[[0;32m  OK  [0m] Created slice System Slice.
[   32.605122] systemd[1]: Starting Journal Service...
         Starting Journal Service...
[   32.716748] systemd[1]: Mounting POSIX Message Queue File System...
         Mounting POSIX Message Queue File System...
[   32.860816] systemd[1]: Created slice system-serial\x2dgetty.slice.
[[0;32m  OK  [0m] Created slice system-serial\x2dgetty.slice.
[   33.056933] systemd[1]: Starting Nameserver information manager...
         Starting Nameserver information manager...
[   33.140559] systemd[1]: Starting Uncomplicated firewall...
         Starting Uncomplicated firewall...
[   33.208925] systemd[1]: Reached target Slices.
[[0;32m  OK  [0m] Reached target Slices.
[   33.317244] systemd[1]: Starting Create list of required static device nodes for the current kernel...
         Starting Create list of required st... nodes for the current kernel...
[   33.569872] systemd[1]: Starting Remount Root and Kernel File Systems...
         [   33.638649] EXT4-fs (sda1): re-mounted. Opts: (null)
Starting Remount Root and Kernel File Systems...
[   33.804698] systemd[1]: Mounting Debug File System...
         Mounting Debug File System...
[   33.896765] systemd[1]: Starting Monitoring of LVM2 mirrors, snapshots etc. using dmeventd or progress polling...
         Starting Monitoring of LVM2 mirrors... dmeventd or progress polling...
[   34.068892] systemd[1]: Starting Load Kernel Modules...
         [   34.137661] Loading iSCSI transport class v2.0-870.
Starting Load Kernel Modules...
[   34.176730] systemd[1]: Starting Set console keymap...
         Starting Set console keymap...[   34.209520] iscsi: registered transport (tcp)

[   34.226964] systemd[1]: Mounting Huge Pages File System...
         Mounting Huge Pages File System...
[   34.245728] systemd[1]: Mounted POSIX Message Queue File System.
[[0;32m  OK  [[   34.276306] iscsi: registered transport (iser)
0m] Mounted POSIX Message Queue File System.
[   34.292039] systemd[1]: Mounted Debug File System.
[[0;32m  OK  [0m] Mounted Debug File System.
[   34.329263] systemd[1]: Mounted Huge Pages File System.
[[0;32m  OK  [0m] Mounted Huge Pages File System.
[   34.453516] systemd[1]: Started Journal Service.
[[0;32m  OK  [0m] Started Journal Service.
[[0;32m  OK  [0m] Started Uncomplicated firewall.
[[0;32m  OK  [0m] Started Create list of required sta...ce nodes for the current kernel.
[[0;32m  OK  [0m] Started Remount Root and Kernel File Systems.
[[0;32m  OK  [0m] Started Load Kernel Modules.
[[0;32m  OK  [0m] Started Set console keymap.
[[0;32m  OK  [0m] Started Nameserver information manager.
[[0;32m  OK  [0m] Started LVM2 metadata daemon.
         Starting Apply Kernel Variables...
         Mounting FUSE Control File System...
         Starting Initial cloud-init job (pre-networking)...
         Starting Load/Save Random Seed...
         Starting udev Coldplug all Devices...
         Starting Create Static Device Nodes in /dev...
         Starting Flush Journal to Persistent Storage...
[[0;32m  OK  [0m] Mounted FUSE Control File System.
[[0;32m  OK  [0m] Started Apply Kernel Variables.
[[0;32m  OK  [0m] Started Monitoring of LVM2 mirrors,...ng dmeventd or progress polling.
[[0;32m  OK  [0m] Started Load/Save Random Seed.
[[0;32m  OK  [0m] Started Create Static Device Nodes in /dev.
[[0;32m  OK  [0m] Started udev Coldplug all Devices.
[[0;32m  OK  [0m] Started Flush Journal to Persistent Storage.
         Starting udev Kernel Device Manager...
[[0;32m  OK  [0m] Started udev Kernel Device Manager.
[[0;32m  OK  [0m] Reached target Local File Systems (Pre).
[[0;32m  OK  [0m] Reached target Local File Systems.
         Starting LSB: AppArmor initialization...
         Starting Create Volatile Files and Directories...
         Starting Tell Plymouth To Write Out Runtime Data...
         Starting Set console font and keymap...
[[0;32m  OK  [0m] Started Dispatch Password Requests to Console Directory Watch.
[   22.587597] cloud-init[450]: Cloud-init v. 0.7.9 running 'init-local' at Wed, 17 Jul 2019 08:34:27 +0000. Up 21.96 seconds.
[[0;32m  OK  [0m] Started Create Volatile Files and Directories.
[[0;32m  OK  [0m] Started Tell Plymouth To Write Out Runtime Data.
[[0;32m  OK  [0m] Started Initial cloud-init job (pre-networking).
[[0;32m  OK  [0m] Found device /dev/ttyS0.
[[0;32m  OK  [0m] Started LSB: AppArmor initialization.
[[0;32m  OK  [0m] Listening on Load/Save RF Kill Switch Status /dev/rfkill Watch.
[[0;32m  OK  [0m] Reached target Network (Pre).
[[0;32m  OK  [0m] Started ifup for enp0s3.
[[0;32m  OK  [0m] Started ifup for enp0s8.
         Starting Raise network interfaces...
[[0;32m  OK  [0m] Reached target System Time Synchronized.
         Starting Update UTMP about System Boot/Shutdown...
[[0;32m  OK  [0m] Started Set console font and keymap.
[[0;32m  OK  [0m] Created slice system-getty.slice.
[[0;32m  OK  [0m] Started Update UTMP about System Boot/Shutdown.
[[0;32m  OK  [0m] Started Raise network interfaces.
[[0;32m  OK  [0m] Reached target Network.
         Starting Initial cloud-init job (metadata service crawler)...
[   26.183973] cloud-init[1052]: Cloud-init v. 0.7.9 running 'init' at Wed, 17 Jul 2019 08:34:31 +0000. Up 25.79 seconds.
[   26.354555] [[0;32m  OK  [0m] Started Initial cloud-init job (metadata service crawler).
cloud-init[1052]: ci-info: ++++++++++++++++++++++++++++++++++++++Net device info++++++++++++++++++++++++++++++++++++++
[   26.568347] [cloud-init[0;32m  OK  [0m[1052]: ] ci-info: +--------+------+-----------------------------+---------------+-------+-------------------+Reached target System Initialization.

[   26.569090]          cloud-initStarting Socket activation for snappy daemon.[1052]: 
ci-info: | Device |  Up  |           Address           |      Mask     | Scope |     Hw-Address    |
[   26.957170] [cloud-init[0;32m  OK  [0m[1052]: ] ci-info: +--------+------+-----------------------------+---------------+-------+-------------------+Listening on UUID daemon activation socket.

[   26.958964] cloud-init[1052]: ci-info: |   lo   | True |          127.0.0.1          |   255.0.0.0   |   .   |         .         |
[   27.352820] [cloud-init[0;32m  OK  [0m[1052]: ] ci-info: |   lo   | True |           ::1/128           |       .       |  host |         .         |Started ACPI Events Check.

[   27.496428] [cloud-init[0;32m  OK  [0m[1052]: ] ci-info: | enp0s3 | True |          10.0.2.15          | 255.255.255.0 |   .   | 02:20:af:b1:c6:17 |Reached target Paths.

[   27.497200] cloud-init[1052]: ci-info: | enp0s3 | True |  fe80::20:afff:feb1:c617/64 |       .       |  link | 02:20:af:b1:c6:17 |
[   27.772836]          cloud-initStarting LXD - unix socket.[1052]: 
ci-info: | enp0s8 | True |         11.10.10.10         | 255.255.255.0 |   .   | 08:00:27:a4:5a:ac |
[[0;32m  OK  [0m] Started Daily Cleanup of Temporary Directories.
[   27.970594] cloud-init[1052]: ci-info: | enp0s8 | True | fe80::a00:27ff:fea4:5aac/64 |       .       |  link | 08:00:27:a4:5a:ac |
[   28.197325] [cloud-init[0;32m  OK  [0m[1052]: ] ci-info: +--------+------+-----------------------------+---------------+-------+-------------------+Started Daily apt download activities.

[   28.198184] [cloud-init[0;32m  OK  [0m[1052]: ] ci-info: +++++++++++++++++++++++++++Route IPv4 info++++++++++++++++++++++++++++Started Daily apt upgrade and clean activities.

[   28.423757] [cloud-init[0;32m  OK  [0m[1052]: ] ci-info: +-------+-------------+----------+---------------+-----------+-------+Listening on ACPID Listen Socket.

[   28.776188] [cloud-init[0;32m  OK  [0m[1052]: ] ci-info: | Route | Destination | Gateway  |    Genmask    | Interface | Flags |Started Timer to automatically refresh installed snaps.

[   28.776655]          Starting Docker Socket for the API.
[[0;32m  OK  [0m] Started Timer to automatically fetch and run repair assertions.
cloud-init[1052]: ci-info: +-------+-------------+----------+---------------+-----------+-------+
[   29.020142] [cloud-init[0;32m  OK  [0m[1052]: ] ci-info: |   0   |   0.0.0.0   | 10.0.2.2 |    0.0.0.0    |   enp0s3  |   UG  |Reached target Timers.

[[0;32m  OK  [0m] Listening on D-Bus System Message Bus Socket.
[[0;32m  OK  [0m] Reached target Network is Online.
[   29.020730] cloud-init[1052]: ci-info: |   1   |   10.0.2.0  | 0.0.0.0  | 255.255.255.0 |   enp0s3  |   U   |
[   29.389069]          cloud-initStarting iSCSI initiator daemon (iscsid)...[1052]: 
ci-info: |   2   |  11.10.10.0 | 0.0.0.0  | 255.255.255.0 |   enp0s8  |   U   |
[   29.528769] [cloud-init[0;32m  OK  [0m[1052]: ] ci-info: +-------+-------------+----------+---------------+-----------+-------+Reached target Cloud-config availability.

[[0;32m  OK  [0m] Listening on Socket activation for snappy daemon.
[[0;32m  OK  [0m] Listening on LXD - unix socket.
[[0;32m  OK  [0m] Listening on Docker Socket for the API.
[[0;32m  OK  [0m] Started iSCSI initiator daemon (iscsid).
         Starting Login to default iSCSI targets...
[[0;32m  OK  [0m] Reached target Sockets.
[[0;32m  OK  [0m] Reached target Basic System.
[[0;32m  OK  [0m] Started Deferred execution scheduler.
[[0;32m  OK  [0m] Started D-Bus System Message Bus.
         Starting containerd container runtime...
         Starting /etc/rc.local Compatibility...
         Starting System Logging Service...
         Starting Accounts Service...
[[0;32m  OK  [0m] Started Unattended Upgrades Shutdown.
         Starting Snappy daemon...
[[0;32m  OK  [0m] Started ACPI event daemon.
         Starting Login Service...
         Starting LXD - container startup/shutdown...
         Starting Apply the settings specified in cloud-config...
         Starting LSB: MD monitoring daemon...
[[0;32m  OK  [0m] Started Regular background program processing daemon.
         Starting Automatically fetch and run repair assertions...
[[0;32m  OK  [0m] Started FUSE filesystem for LXC.
         Starting OpenBSD Secure Shell server...
         Starting LSB: Record successful boot for GRUB...
[[0;32m  OK  [0m] Started System Logging Service.
[[0;32m  OK  [0m] Started Snappy daemon.
[[0;32m  OK  [0m] Started OpenBSD Secure Shell server.
[[0;32m  OK  [0m] Started containerd container runtime.
[[0;32m  OK  [0m] Started /etc/rc.local Compatibility.
[[0;32m  OK  [0m] Started LXD - container startup/shutdown.
[[0;32m  OK  [0m] Started Automatically fetch and run repair assertions.
[[0;32m  OK  [0m] Started Login to default iSCSI targets.
[[0;32m  OK  [0m] Started LSB: MD monitoring daemon.
         Starting Authenticate and Authorize Users to Run Privileged Tasks...
[[0;32m  OK  [0m] Reached target Remote File Systems (Pre).
[[0;32m  OK  [0m] Reached target Remote File Systems.
[   31.563220] cloud-init[1145]: Cloud-init v. 0.7.9 running 'modules:config' at Wed, 17 Jul 2019 08:34:36 +0000. Up 31.24 seconds.
         Starting LSB: automatic crash report generation...
         Starting Permit User Sessions...
         Starting LSB: VirtualBox Linux Additions...
         Starting LSB: Set the CPU Frequency Scaling governor to "ondemand"...
         Starting LSB: daemon to balance interrupts for SMP systems...
         Starting LSB: Set up cgroupfs mounts....
         Starting Docker Application Container Engine...
         Starting Auto import assertions from block devices...
[[0;32m  OK  [0m] Started Apply the settings specified in cloud-config.
[[0;32m  OK  [0m] Started LSB: Record successful boot for GRUB.
[[0;32m  OK  [0m] Started Permit User Sessions.
[[0;32m  OK  [0m] Started LSB: Set up cgroupfs mounts..
[[0;32m  OK  [0m] Started Auto import assertions from block devices.
[[0;32m  OK  [0m] Started Login Service.
[[0;32m  OK  [0m] Started Authenticate and Authorize Users to Run Privileged Tasks.
[[0;32m  OK  [0m] Started Accounts Service.
[[0;32m  OK  [0m] Started LSB: automatic crash report generation.
[[0;32m  OK  [0m] Started LSB: Set the CPU Frequency Scaling governor to "ondemand".
[[0;32m  OK  [0m] Started LSB: VirtualBox Linux Additions.
[[0;32m  OK  [0m] Created slice User Slice of ubuntu.
[[0;32m  OK  [0m] Started Session 1 of user ubuntu.
         Starting User Manager for UID 1000...
         Starting Terminate Plymouth Boot Screen...
         Starting Hold until boot process finishes up...
[[0;32m  OK  [0m] Started Docker Application Container Engine.
[[0;32m  OK  [0m] Started User Manager for UID 1000.
[[0;32m  OK  [0m] Started LSB: daemon to balance interrupts for SMP systems.
[[0;32m  OK  [0m] Started Terminate Plymouth Boot Screen.
[[0;32m  OK  [0m] Started Hold until boot process finishes up.
         Starting Set console scheme...
[[0;32m  OK  [0m] Started Getty on tty1.
[[0;32m  OK  [0m] Started Serial Getty on ttyS0.
[[0;32m  OK  [0m] Reached target Login Prompts.
[[0;32m  OK  [0m] Reached target Multi-User System.
[[0;32m  OK  [0m] Reached target Graphical Interface.
         Starting Update UTMP about System Runlevel Changes...
         Starting Execute cloud user/final scripts...
[[0;32m  OK  [0m] Started Set console scheme.
[[0;32m  OK  [0m] Started Update UTMP about System Runlevel Changes.
[   35.105036] cloud-init[1521]: Cloud-init v. 0.7.9 running 'modules:final' at Wed, 17 Jul 2019 08:34:40 +0000. Up 34.76 seconds.
[   35.224722] cloud-init[1521]: Cloud-init v. 0.7.9 finished at Wed, 17 Jul 2019 08:34:40 +0000. Datasource DataSourceNoCloud [seed=/dev/sdb][dsmode=net].  Up 35.09 seconds
[[0;32m  OK  [0m] Started Execute cloud user/final scripts.
         Starting Daily apt download activities...
[[0;32m  OK  [0m] Reached target Cloud-init target.
         Stopping User Manager for UID 1000...
[[0;32m  OK  [0m] Stopped User Manager for UID 1000.
[[0;32m  OK  [0m] Removed slice User Slice of ubuntu.

Ubuntu 16.04.3 LTS ubuntu-xenial ttyS0

ubuntu-xenial login: [[0;32m  OK  [0m] Started ACPI event daemon.
[[0;32m  OK  [0m] Started ACPI event daemon.
[[0;32m  OK  [0m] Started ACPI event daemon.
[[0;32m  OK  [0m] Started ACPI event daemon.
[[0;32m  OK  [0m] Started ACPI event daemon.
[[0;32m  OK  [0m] Started ACPI event daemon.
[[0;32m  OK  [0m] Started ACPI event daemon.
[  OK  ] Started ACPI event daemon.
[  OK  ] Started Trigger resolvconf update for networkd DNS.
[  OK  ] Started ACPI event daemon.
[  OK  ] Started ACPI event daemon.
[  OK  ] Started ACPI event daemon.
[  OK  ] Started ACPI event daemon.
[  OK  ] Stopped Automatically repair incorr...ner/permissions on core devices.
[  OK  ] Stopped Auto import assertions from block devices.
         Stopping Snappy daemon...
[  OK  ] Stopped Snappy daemon.
[  OK  ] Closed Socket activation for snappy daemon.
[  OK  ] Stopped Timer to automatically refresh installed snaps.
[  OK  ] Started ACPI event daemon.
[  OK  ] Started ACPI event daemon.
[  OK  ] Started ACPI event daemon.
[  OK  ] Started ACPI event daemon.
[  OK  ] Started ACPI event daemon.
[  OK  ] Started ACPI event daemon.
[  OK  ] Started ACPI event daemon.
[  OK  ] Closed Unix socket for apport crash forwarding.
[  OK  ] Started ACPI event daemon.
         Stopping LSB: automatic crash report generation...
[  OK  ] Stopped LSB: automatic crash report generation.
[  OK  ] Started ACPI event daemon.
[  OK  ] Started ACPI event daemon.
[  OK  ] Started ACPI event daemon.
[  OK  ] Started ACPI event daemon.
         Stopping Unattended Upgrades Shutdown...
         Starting Cleanup of Temporary Directories...
[  OK  ] Started Cleanup of Temporary Directories.
[  OK  ] Stopped Unattended Upgrades Shutdown.
[  OK  ] Started ACPI event daemon.
[  OK  ] Started ACPI event daemon.
[  OK  ] Started ACPI event daemon.
[  OK  ] Started ACPI event daemon.
[  OK  ] Stopped target Sockets.
         Stopping Sockets.
         Starting Socket activation for snappy daemon.
[  OK  ] Listening on Socket activation for snappy daemon.
[  OK  ] Reached target Sockets.
[  OK  ] Started ACPI event daemon.
[  OK  ] Started ACPI event daemon.
[  OK  ] Started ACPI event daemon.
         Stopping udev Kernel Device Manager...
[  OK  ] Stopped udev Kernel Device Manager.
         Starting udev Kernel Device Manager...
[  OK  ] Started udev Kernel Device Manager.
[  OK  ] Started ACPI event daemon.
[  OK  ] Started ACPI event daemon.
[  OK  ] Started ACPI event daemon.
[  OK  ] Started ACPI event daemon.
         Stopping OpenBSD Secure Shell server...
[  OK  ] Stopped OpenBSD Secure Shell server.
         Starting OpenBSD Secure Shell server...
[  OK  ] Started OpenBSD Secure Shell server.
[  OK  ] Started ACPI event daemon.
[  OK  ] Started ACPI event daemon.
[  OK  ] Started ACPI event daemon.
         Starting Wait until snapd is fully seeded...
         Starting Snappy daemon...
[  OK  ] Started Snappy daemon.
[  OK  ] Started Wait until snapd is fully seeded.
[  OK  ] Started Snappy daemon.
[  OK  ] Listening on Socket activation for snappy daemon.
[  OK  ] Started ACPI event daemon.
[  OK  ] Started ACPI event daemon.
[  OK  ] Started ACPI event daemon.
[  OK  ] Started ACPI event daemon.
         Starting LSB: automatic crash report generation...
[  OK  ] Started LSB: automatic crash report generation.
[  OK  ] Started ACPI event daemon.
[  OK  ] Started ACPI event daemon.
[  OK  ] Started ACPI event daemon.
         Stopping Authenticate and Authorize Users to Run Privileged Tasks...
[  OK  ] Stopped Authenticate and Authorize Users to Run Privileged Tasks.
         Starting Authenticate and Authorize Users to Run Privileged Tasks...
[  OK  ] Started Authenticate and Authorize Users to Run Privileged Tasks.
[  OK  ] Started ACPI event daemon.
[  OK  ] Started ACPI event daemon.
[  OK  ] Started Unattended Upgrades Shutdown.
[  OK  ] Started ACPI event daemon.
[  OK  ] Started ACPI event daemon.
[  OK  ] Started ACPI event daemon.
[  OK  ] Started Daily apt upgrade and clean activities.
